Using pre-set license
Built from '2020.3/staging' branch; Version is '2020.3.3f1 (76626098c1c4) revision 7758432'; Using compiler version '192528614'; Build Type 'Release'
OS: 'Windows 10 Home; OS build 19044.1706; Version 2009; 64bit' Language: 'en' Physical Memory: 16161 MB
BatchMode: 1, IsHumanControllingUs: 0, StartBugReporterOnCrash: 0, Is64bit: 1, IsPro: 0

 COMMAND LINE ARGUMENTS:
C:\Program Files\Unity\Hub\Editor\2020.3.3f1\Editor\Unity.exe
-adb2
-batchMode
-noUpm
-name
AssetImportWorker0
-projectPath
C:/Users/yuuki/OneDrive/Documents/Unity Projects/Roll a Ball
-logFile
Logs/AssetImportWorker0.log
-srvPort
62443
Successfully changed project path to: C:/Users/yuuki/OneDrive/Documents/Unity Projects/Roll a Ball
C:/Users/yuuki/OneDrive/Documents/Unity Projects/Roll a Ball
Using Asset Import Pipeline V2.
Refreshing native plugins compatible for Editor in 59.19 ms, found 0 plugins.
Preloading 0 native plugins for Editor in 0.00 ms.
Initialize engine version: 2020.3.3f1 (76626098c1c4)
[Subsystems] Discovering subsystems at path C:/Program Files/Unity/Hub/Editor/2020.3.3f1/Editor/Data/Resources/UnitySubsystems
[Subsystems] Discovering subsystems at path C:/Users/yuuki/OneDrive/Documents/Unity Projects/Roll a Ball/Assets
GfxDevice: creating device client; threaded=0
Direct3D:
    Version:  Direct3D 11.0 [level 11.1]
    Renderer: NVIDIA GeForce MX250 (ID=0x1d13)
    Vendor:   
    VRAM:     4027 MB
    Driver:   30.0.15.1179
Initialize mono
Mono path[0] = 'C:/Program Files/Unity/Hub/Editor/2020.3.3f1/Editor/Data/Managed'
Mono path[1] = 'C:/Program Files/Unity/Hub/Editor/2020.3.3f1/Editor/Data/MonoBleedingEdge/lib/mono/unityjit'
Mono config path = 'C:/Program Files/Unity/Hub/Editor/2020.3.3f1/Editor/Data/MonoBleedingEdge/etc'
Using monoOptions --debugger-agent=transport=dt_socket,embedding=1,server=y,suspend=n,address=127.0.0.1:56808
Begin MonoManager ReloadAssembly
Registering precompiled unity dll's ...
Register platform support module: C:/Program Files/Unity/Hub/Editor/2020.3.3f1/Editor/Data/PlaybackEngines/WebGLSupport/UnityEditor.WebGL.Extensions.dll
Register platform support module: C:/Program Files/Unity/Hub/Editor/2020.3.3f1/Editor/Data/PlaybackEngines/MacStandaloneSupport/UnityEditor.OSXStandalone.Extensions.dll
Register platform support module: C:/Program Files/Unity/Hub/Editor/2020.3.3f1/Editor/Data/PlaybackEngines/WindowsStandaloneSupport/UnityEditor.WindowsStandalone.Extensions.dll
Register platform support module: C:/Program Files/Unity/Hub/Editor/2020.3.3f1/Editor/Data/PlaybackEngines/LinuxStandaloneSupport/UnityEditor.LinuxStandalone.Extensions.dll
Register platform support module: C:/Program Files/Unity/Hub/Editor/2020.3.3f1/Editor/Data/PlaybackEngines/LuminSupport/UnityEditor.Lumin.Extensions.dll
Registered in 0.013341 seconds.
Native extension for Lumin target not found
Native extension for LinuxStandalone target not found
Native extension for WindowsStandalone target not found
Native extension for OSXStandalone target not found
Native extension for WebGL target not found
Refreshing native plugins compatible for Editor in 63.82 ms, found 0 plugins.
Preloading 0 native plugins for Editor in 0.00 ms.
Invoked RoslynAnalysisRunner static constructor.
RoslynAnalysisRunner will not be running.
RoslynAnalysisRunner has terminated.
Mono: successfully reloaded assembly
- Completed reload, in  2.933 seconds
Platform modules already initialized, skipping
Registering precompiled user dll's ...
Registered in 0.002021 seconds.
Begin MonoManager ReloadAssembly
Native extension for Lumin target not found
Native extension for LinuxStandalone target not found
Native extension for WindowsStandalone target not found
Native extension for OSXStandalone target not found
Native extension for WebGL target not found
Refreshing native plugins compatible for Editor in 39.59 ms, found 0 plugins.
Preloading 0 native plugins for Editor in 0.00 ms.
Invoked RoslynAnalysisRunner static constructor.
RoslynAnalysisRunner will not be running.
RoslynAnalysisRunner has terminated.
Mono: successfully reloaded assembly
- Completed reload, in  1.294 seconds
Platform modules already initialized, skipping
========================================================================
Worker process is ready to serve import requests
Launched and connected shader compiler UnityShaderCompiler.exe after 0.08 seconds
Refreshing native plugins compatible for Editor in 0.34 ms, found 0 plugins.
Preloading 0 native plugins for Editor in 0.00 ms.
Unloading 1414 Unused Serialized files (Serialized files now loaded: 0)
System memory in use before: 70.2 MB.
System memory in use after: 70.2 MB.

Unloading 12 unused Assets to reduce memory usage. Loaded Objects now: 1858.
Total: 3.190100 ms (FindLiveObjects: 0.256200 ms CreateObjectMapping: 0.115200 ms MarkObjects: 2.687200 ms  DeleteObjects: 0.129700 ms)

========================================================================
Received Import Request.
  path: Assets/Scripts/Rotator.cs
  artifactKey: Guid(c5a8b0ccc78ee544ea312210c4acf360) Importer(815301076,1909f56bfc062723c751e8b465ee728b)
Start importing Assets/Scripts/Rotator.cs using Guid(c5a8b0ccc78ee544ea312210c4acf360) Importer(815301076,1909f56bfc062723c751e8b465ee728b)  -> (artifact id: '7aa3d288a5b73f7825370772597a6a03') in 0.044544 seconds
  Import took 0.049618 seconds .

========================================================================
Received Import Request.
  Time since last request: 1906.400281 seconds.
  path: Assets/Scripts/Rotator.cs
  artifactKey: Guid(c5a8b0ccc78ee544ea312210c4acf360) Importer(815301076,1909f56bfc062723c751e8b465ee728b)
Start importing Assets/Scripts/Rotator.cs using Guid(c5a8b0ccc78ee544ea312210c4acf360) Importer(815301076,1909f56bfc062723c751e8b465ee728b)  -> (artifact id: 'd13b41c18a8705322e23056e1f83331e') in 0.005315 seconds
  Import took 0.013635 seconds .

========================================================================
Received Prepare
Registering precompiled user dll's ...
Registered in 0.001062 seconds.
Begin MonoManager ReloadAssembly
Native extension for Lumin target not found
Native extension for LinuxStandalone target not found
Native extension for WindowsStandalone target not found
Native extension for OSXStandalone target not found
Native extension for WebGL target not found
Refreshing native plugins compatible for Editor in 0.42 ms, found 0 plugins.
Preloading 0 native plugins for Editor in 0.00 ms.
Invoked RoslynAnalysisRunner static constructor.
RoslynAnalysisRunner will not be running.
RoslynAnalysisRunner has terminated.
Mono: successfully reloaded assembly
- Completed reload, in  1.863 seconds
Platform modules already initialized, skipping
Refreshing native plugins compatible for Editor in 0.43 ms, found 0 plugins.
Preloading 0 native plugins for Editor in 0.00 ms.
Unloading 1409 Unused Serialized files (Serialized files now loaded: 0)
System memory in use before: 70.3 MB.
System memory in use after: 70.4 MB.

Unloading 5 unused Assets to reduce memory usage. Loaded Objects now: 1861.
Total: 2.862600 ms (FindLiveObjects: 0.321300 ms CreateObjectMapping: 0.122500 ms MarkObjects: 2.311600 ms  DeleteObjects: 0.104800 ms)

========================================================================
Received Prepare
Registering precompiled user dll's ...
Registered in 0.001576 seconds.
Begin MonoManager ReloadAssembly
Native extension for Lumin target not found
Native extension for LinuxStandalone target not found
Native extension for WindowsStandalone target not found
Native extension for OSXStandalone target not found
Native extension for WebGL target not found
Refreshing native plugins compatible for Editor in 0.33 ms, found 0 plugins.
Preloading 0 native plugins for Editor in 0.00 ms.
Invoked RoslynAnalysisRunner static constructor.
RoslynAnalysisRunner will not be running.
RoslynAnalysisRunner has terminated.
Mono: successfully reloaded assembly
- Completed reload, in  2.013 seconds
Platform modules already initialized, skipping
Refreshing native plugins compatible for Editor in 0.65 ms, found 0 plugins.
Preloading 0 native plugins for Editor in 0.00 ms.
Unloading 1409 Unused Serialized files (Serialized files now loaded: 0)
System memory in use before: 70.3 MB.
System memory in use after: 70.4 MB.

Unloading 5 unused Assets to reduce memory usage. Loaded Objects now: 1864.
Total: 4.571200 ms (FindLiveObjects: 1.210000 ms CreateObjectMapping: 0.248700 ms MarkObjects: 3.001900 ms  DeleteObjects: 0.104600 ms)

========================================================================
Received Import Request.
  Time since last request: 299.673027 seconds.
  path: Assets/Scripts/Rotator.cs
  artifactKey: Guid(c5a8b0ccc78ee544ea312210c4acf360) Importer(815301076,1909f56bfc062723c751e8b465ee728b)
Start importing Assets/Scripts/Rotator.cs using Guid(c5a8b0ccc78ee544ea312210c4acf360) Importer(815301076,1909f56bfc062723c751e8b465ee728b)  -> (artifact id: '57e255df56a9eb26ddec3dc24be82c01') in 0.014959 seconds
  Import took 0.019093 seconds .

========================================================================
Received Prepare
Registering precompiled user dll's ...
Registered in 0.001401 seconds.
Begin MonoManager ReloadAssembly
Native extension for Lumin target not found
Native extension for LinuxStandalone target not found
Native extension for WindowsStandalone target not found
Native extension for OSXStandalone target not found
Native extension for WebGL target not found
Refreshing native plugins compatible for Editor in 0.36 ms, found 0 plugins.
Preloading 0 native plugins for Editor in 0.00 ms.
Invoked RoslynAnalysisRunner static constructor.
RoslynAnalysisRunner will not be running.
RoslynAnalysisRunner has terminated.
Mono: successfully reloaded assembly
- Completed reload, in  2.470 seconds
Platform modules already initialized, skipping
Refreshing native plugins compatible for Editor in 0.54 ms, found 0 plugins.
Preloading 0 native plugins for Editor in 0.00 ms.
Unloading 1409 Unused Serialized files (Serialized files now loaded: 0)
System memory in use before: 70.3 MB.
System memory in use after: 70.4 MB.

Unloading 5 unused Assets to reduce memory usage. Loaded Objects now: 1867.
Total: 2.602400 ms (FindLiveObjects: 0.176200 ms CreateObjectMapping: 0.062200 ms MarkObjects: 2.280700 ms  DeleteObjects: 0.080900 ms)

========================================================================
Received Import Request.
  Time since last request: 899.746783 seconds.
  path: Assets/Input/InputActions.inputactions
  artifactKey: Guid(63b08ab2a74556a418754c9692663dae) Importer(815301076,1909f56bfc062723c751e8b465ee728b)
Start importing Assets/Input/InputActions.inputactions using Guid(63b08ab2a74556a418754c9692663dae) Importer(815301076,1909f56bfc062723c751e8b465ee728b)  -> (artifact id: '1ec60f7572f07c5b3dbb1c346ebcd58c') in 0.198733 seconds
  Import took 0.218733 seconds .

========================================================================
Received Import Request.
  Time since last request: 22.177243 seconds.
  path: Assets/Prefabs
  artifactKey: Guid(c6aec807478591d44a8ea8a442454375) Importer(815301076,1909f56bfc062723c751e8b465ee728b)
Start importing Assets/Prefabs using Guid(c6aec807478591d44a8ea8a442454375) Importer(815301076,1909f56bfc062723c751e8b465ee728b)  -> (artifact id: '5fb993ebcdf3d6ea35d155274c9519d2') in 0.013164 seconds
  Import took 0.021590 seconds .

========================================================================
Received Import Request.
  Time since last request: 6.396054 seconds.
  path: Assets/Prefabs/PickUp.prefab
  artifactKey: Guid(adac305a166f32f478f6cdbce0810aa6) Importer(815301076,1909f56bfc062723c751e8b465ee728b)
Start importing Assets/Prefabs/PickUp.prefab using Guid(adac305a166f32f478f6cdbce0810aa6) Importer(815301076,1909f56bfc062723c751e8b465ee728b)  -> (artifact id: 'e223f565ae620cb00c0aa3e019154f6d') in 0.310478 seconds
  Import took 0.315911 seconds .

========================================================================
Received Import Request.
  Time since last request: 0.011984 seconds.
  path: Assets/Prefabs/PickUp.prefab
  artifactKey: Guid(adac305a166f32f478f6cdbce0810aa6) Importer(815301076,1909f56bfc062723c751e8b465ee728b)
Start importing Assets/Prefabs/PickUp.prefab using Guid(adac305a166f32f478f6cdbce0810aa6) Importer(815301076,1909f56bfc062723c751e8b465ee728b)  -> (artifact id: 'e223f565ae620cb00c0aa3e019154f6d') in 0.067239 seconds
  Import took 0.071898 seconds .

========================================================================
Received Import Request.
  Time since last request: 243.629701 seconds.
  path: Assets/Prefabs/PickUp.prefab
  artifactKey: Guid(adac305a166f32f478f6cdbce0810aa6) Importer(815301076,1909f56bfc062723c751e8b465ee728b)
Start importing Assets/Prefabs/PickUp.prefab using Guid(adac305a166f32f478f6cdbce0810aa6) Importer(815301076,1909f56bfc062723c751e8b465ee728b)  -> (artifact id: '53a21a0980e8d21abceb57d71429f521') in 0.029389 seconds
  Import took 0.035074 seconds .

AssetImportWorkerClient::OnTransportError - code=2 error=End of file
